PocketMine-MP Crash Dump Sun Aug 9 14:08:08 UTC 2020

Error: Declaration of Minuha\Trade\Main::onCommand(pocketmine\command\CommandSender $sender, pocketmine\command\Command $cmd, $label, array $args) must be compatible with pocketmine\plugin\PluginBase::onCommand(pocketmine\command\CommandSender $sender, pocketmine\command\Command $command, string $label, array $args): bool
File: plugins/Trade_v1.phar/src/Minuha/Trade/Main(8) : eval()'d code(2) : eval()'d code(1) : eval()'d code(1) : eval()'d code(1) : eval()'d code(1) : eval()'d code(1) : eval()'d code(1) : eval()'d code(1) : eval()'d code
Line: 1
Type: E_COMPILE_ERROR

Code:

Backtrace:

PocketMine-MP version: 3.14.2 [Protocol 407]
Git commit: 4fc5b9772ab3a9612abb052dc4233104dcb0ea02
uname -a: Linux localhost 4.9.117+ #1 SMP PREEMPT Mon Jun 29 18:17:13 CST 2020 aarch64
PHP Version: 7.3.19
Zend version: 3.3.19
OS : Linux, android
Composer libraries: 
- adhocore/json-comment 0.1.0@8448076039389f558f39ad0553aab87db3f81614
- ocramius/package-versions 1.5.1@1d32342b8c1eb27353c8887c366147b4c2da673c
- pocketmine/binaryutils 0.1.11@e8cb65db1b7998eebb739b124f2a989fe87366eb
- pocketmine/callback-validator 1.0.1@4aef6bb25f97d0b830ba0b4f66834b1a9c86fc9a
- pocketmine/classloader 0.1.0@4ccdb30e48f030bfcad04bb0a208d198ec631993
- pocketmine/log 0.2.0@e59bedb5d4bbeb9a26647cb7c367cb2fa72addfa
- pocketmine/log-pthreads 0.1.0@9bbcef398b01487ab47c234a6a7054722abbe067
- pocketmine/math 0.2.4@b1c28b236df8b795d7b06cf8421f9962b12ac410
- pocketmine/nbt 0.2.14@b31dca98443328c4bab76dc1b84c1473c79be20e
- pocketmine/raklib 0.12.8@9fea763ffc922db083e4528d4acd0b13d0ea83a4
- pocketmine/snooze 0.1.2@88420da3d9335dbcb3ee2decfd5e5453d057dcdf
- pocketmine/spl 0.4.1@ff0579a0be41bbe65d3637607715c0f87728a838
- doctrine/instantiator 1.3.1@f350df0268e904597e3bd9c4685c53e0e333feea
- myclabs/deep-copy 1.9.5@b2c28789e80a97badd14145fda39b545d83ca3ef
- phar-io/manifest 1.0.3@7761fcacf03b4d4f16e7ccb606d4879ca431fcf4
- phar-io/version 2.0.1@45a2ec53a73c70ce41d55cedef9063630abaf1b6
- phpdocumentor/reflection-common 2.1.0@6568f4687e5b41b054365f9ae03fcb1ed5f2069b
- phpdocumentor/reflection-docblock 5.1.0@cd72d394ca794d3466a3b2fc09d5a6c1dc86b47e
- phpdocumentor/type-resolver 1.2.0@30441f2752e493c639526b215ed81d54f369d693
- phpspec/prophecy v1.10.3@451c3cd1418cf640de218914901e51b064abb093
- phpstan/phpstan 0.12.29@9771daaf6b95c6313b908d0bcdee0afcd51f838a
- phpstan/phpstan-phpunit 0.12.11@ab783a8ea634ea23305a8818c4750603e714489b
- phpstan/phpstan-strict-rules 0.12.2@a670a59aff7cf96f75d21b974860ada10e25b2ee
- phpunit/php-code-coverage 8.0.2@ca6647ffddd2add025ab3f21644a441d7c146cdc
- phpunit/php-file-iterator 3.0.2@eba15e538f2bb3fe018b7bbb47d2fe32d404bfd2
- phpunit/php-invoker 3.0.1@62f696ad0d140e0e513e69eaafdebb674d622b4c
- phpunit/php-text-template 2.0.1@0c69cbf965d5317ba33f24a352539f354a25db09
- phpunit/php-timer 5.0.0@b0d089de001ba60ffa3be36b23e1b8150d072238
- phpunit/php-token-stream 4.0.2@e61c593e9734b47ef462340c24fca8d6a57da14e
- phpunit/phpunit 9.2.5@ad7cc5ec3ab2597b329880e30442d9054526023b
- sebastian/code-unit 1.0.3@d650ef9b1fece15ed4d6eaed6e6b469b7b81183a
- sebastian/code-unit-reverse-lookup 2.0.1@c771130f0e8669104a4320b7101a81c2cc2963ef
- sebastian/comparator 4.0.2@266d85ef789da8c41f06af4093c43e9798af2784
- sebastian/diff 4.0.1@3e523c576f29dacecff309f35e4cc5a5c168e78a
- sebastian/environment 5.1.1@16eb0fa43e29c33d7f2117ed23072e26fc5ab34e
- sebastian/exporter 4.0.1@d12fbca85da932d01d941b59e4b71a0d559db091
- sebastian/global-state 4.0.0@bdb1e7c79e592b8c82cb1699be3c8743119b8a72
- sebastian/object-enumerator 4.0.1@15f319d67c49fc55ebcdbffb3377433125588455
- sebastian/object-reflector 2.0.1@14e04b3c25b821cc0702d4837803fe497680b062
- sebastian/recursion-context 4.0.1@a32789e5f0157c10cf216ce6c5136db12a12b847
- sebastian/resource-operations 3.0.1@71421c1745788de4facae1b79af923650bd3ec15
- sebastian/type 2.1.0@bad49207c6f854e7a25cef0ea948ac8ebe3ef9d8
- sebastian/version 3.0.0@0411bde656dce64202b39c2f4473993a9081d39e
- symfony/polyfill-ctype v1.17.1@2edd75b8b35d62fd3eeabba73b26b8f1f60ce13d
- theseer/tokenizer 1.1.3@11336f6f84e16a720dae9d8e6ed5019efa85a0f9
- webmozart/assert 1.9.0@9dc4f203e36f2b486149058bade43c851dd97451
- pocketmine/pocketmine-mp 3.14.2@4fc5b9772ab3a9612abb052dc4233104dcb0ea02

Loaded plugins:
SkyBlock 2 by no name (edit by hugoDZgamer) for API(s) 3.0.1
ThaiEditBar 2 by ThaiEdit for API(s) 1.0.0, 2.0.0, 2.1.0, 3.0.0, 3.0.0-ALPHA1, 3.0.0-ALPHA2

----------------------REPORT THE DATA BELOW THIS LINE-----------------------

===BEGIN CRASH DUMP===
eNrNW41v3Dh2/1cIZ4FN2pmxqG/NwoVzifc2bXJxYy+26PoQUCQ1o4tG0unD9uxh//f+HklpZuxc
0KItcIfDekSRj+/z996jmL+dFU23E8Pne931ZVOfrYPF2VDu9NmaR1mcpb6Xposz3XVNd7b+29mw
b/Hq7Orzm48frt+9v/p89enTx09ni7Od7nuxoXdvtaxEJwZQY03BPpT1uBV3d7edUPru7oMo6/W6
qd80u52o1cu2kV/0sCtrvJN27O7OvbzRtdId+643fxfsW3PZd3KnFuy7SuS6WjDRdWLPvhPdpn/F
dmM/sFwzrGnBV15p9lAO2xN6bTVuyvru7tr8/YPo9f8Tl/bHgvVDV9abrzK8ZnnTVFBqUVakUctb
f25U+Pmer9qt6M77Tp5b5doX56Tal+krtmb6XlQvX32vILHSL/3nQ/wfYAjyVVASHO33hRPxc1nf
N9W93ul6gNx1U9MsM3n965/hmJ2Q7udG17oTFflkLchdz66N3qERvfxwjWU5bHhw67NgxcOVT+Nj
WSnsmnK+OCv7z0rfn60LUfUabHTN0Ejofh16CTYpiY2wkFGeJYkv8kBkMcff3It8JUM/CLgXKpl7
WnhEe3S8vIddHlnVSFFtGzhfuMpWnCf/zF5wdvPhml1/urr6cH3LPiBG/nWsmZ8xnq55suYBe3Nz
y3zP95gQndzGIci22xZEkxVkyPD4GzzNSOSe8fpz00/bYsA8wMu6plRGgbu26XX3uSrzTnSl7klt
Qm0haqfP/9I39ZL80mrdW/GVd5mGYeolsRdkQZoVUZQWQSaUF0WBEHmaqDwoUh5z4q6RndiVY3/e
CvkFGLB0Sicm+Cpa8UuuAj8I/TyVXOd+EkSBTNM0kUEMCkkeSl+JOAkkyTJHz3le1qLbj0NZ9Y4t
zi91KvM4UjnPkyxLtc7zJMhy7oeFLzJwqtMEVHV+Sgp2qHJwt4QDlkoMBGbgDTQvQ6GLOM/9qMgS
5eVp4OXCy8MijtMgzLnIZBoXMhNPCFai76sGYdfNKgulhFo8HaaFByqFhL5CuIoAhioOZmUc8CwL
TilVzcZQ8EFBR1muVR4pLNN5Jvw4DhOZk6Lwxy8EfFCpQjyjsGyHbaeF6mdmsjyXGjZLc4+HaSJy
EIINRCwSLwoTn5xYe3FySgqZYOu4CS9zLv0094NYFSm0Hakk92JZpKHPiyyLfWhdyJB7pyTqfHAU
OEgEXEnYJQyDwE9lmIs8iZXkeRpKWD6QCQT2PX1KohNf4KlWFH+VXsKqIomDAmbwfZV7aaDDyE9V
KCQsxgOF8EsDEZ5S6eum+U07hfiXKfj2lAhUFgTwH5kHWvtKy0JFOgojEIkSJVXxhEhbGQohPKUo
MCWDc+iQQ3nwwiAOECJJwiPpFSkQIgUfKSioRhK863PA9iDqoZxdLiBCQeSpwvPjVGdeGGWJDnKV
yTBOIxkF2tNBEBRak5l3e3ha3p8rrVvEaLs3RLJVdJn7sE6SZjr1RJbk8Ase8jAqIGKWQyCVBlIE
2siDdLEsG1i3LgvdD873g8skiTncVMJf81CFBY91IhFfXqzgM5kUYYD3RXhE4wCovg2fSPgaXAsy
piehGhVFUitdZF4M/XgiFwXPYwtT0MtIMNN0550uKi2pSjDY40iS68ZRnBZQRqKjHJqGuwYxolNo
LyhkzrWKCt+Ls/xbJDGaA36/gGhkiEqV+CrIQimSLFRBGMciQERJL1ORiCXcNI0RI/oZUap4lp3u
KS9ZE1KkBl4Y8sJPIl+HWYDAziI/zn0eaZVCA2ERxJmKbaxv277V8hy5pd1qSRZECuek/zDiMpBk
uFQWcegp7fM042HmcR1B8jikVDNTgSedu79TcPjZJTITV0IAxLKIECbIM+CNl0v4jCcKqSJewCvF
cyJL/B3rcpiIAV4Rn4ikVIs4CLVAfvMikaZgL0wiD9lAJxyJYdL9CTEqaOSw7MZK9zN7l8B1T0SZ
KIpEFllcJJHyObJpmMaeUIJ72o9yXzu9EzdEcEk5H/+Bym1RmcLZ/EspCBCLQilFQOj5EVJy4fM4
DAXsoRKASiyVfEKMyqhlOYCWjcLAENO5gLmiIC38HFS0x4FyeQ4nUH6hA1+FQO9C+U+IUYnyRU9k
+GXsF3EWA+phRg+xG/FAx5mGQRSSU5yEKvZ9pLgnZAb9OOA/u7YSg56jyZNxJnPoKVJRwBHVAAI/
FEHkR0EG2AiFD+zysqfEULB3xtU9+GbuKS/NlPY8novYKwp4ug7gnYEG8HJgjwf8Nzh1QgRiGStq
saOqxyop5jLKAp0lSIYID8QlsognkW+lSFUsAJqCh0/M55wqQ6hElwJmkZGWgUCSBVIFfpamwDhE
kK8yRDcix/MDcqkeNukBlvW5sb8jY7FKxZEHUMl5oaWmOINitdD4D+IWaJBANA7f/ToZRDAhl15W
TfNlbGeFSwQPD7zC02kcZyjmAHm+lyfc4yJF/pPSz2KLosdU0UdMzmT1hEyt0kgXAGQlEC288GJR
hIhdGZL2slQALdLwhI4qi8JR4JeBjvxARklc+CAhkZiKwCOba9QVkYgkR7pI0lP5dH1fdk3tKjdC
OhRbqH68AnJoP5NBoBIECE+08gOYXfsoZihqjMmOCD22TTfobmZHcb/IYeJIiQyx4HGVAYujTIdQ
jvAA8hk5Ij+hsqmaXFTwIevToXVHFGtIK0mG6oZKwNQHiMcZEj+qwAQZhmd5isrmhFKT/wVIvtQ1
YPhY0xAvKlBFKRREYQZRIg2gy4siD4IExALuo1ZNwyj6GjmXIAw1a3+4LqI8kACh1OdSeomHwE+D
JEWyAbQnceoBh0+Z67QcTRYEQtUUyDNzIvApJUeFxyOAkScJnKSOJVAhVlQwcaggTJ6Q65uxk3rZ
tNr2zf2MLoBbsMWTMErSVOmwEFJoqn1FkaEyi7xcBVryU2ldk26zKSqDMPO9RMZFGoU6AYKgMETF
lIWpkKmGGRBWKj2hcNw2kQ29kPNcoeRB8aZjFFJ+HmTSL0LUcKhoBTIOavzM+NR+VzT1/rxtqj2A
t1pKxw4lvQQi+VqpBOrOUYYBPMG/RpZD/ZAjg6YFL2KUESjqQGvY6l5r5GCCpvI3l39RRF0iaIO4
gEih5ihpqbLTEELHqA48nukCniu8goDyQee75jfRDeco2XU3uAoKJTI6OFQSAbARKQAJiRJvlEJh
OoRrRlwp5KmIn1aEh5/LXTv3lZf/7Sbx97nbNV3YzZf9H2yhMjey89Di7KjawpMYh23TYdmvaI0Z
zWYvtSoHlu/Zdtw0b/9zg7Hu1Rn6Y9GWNM94ET3rWuSVVnOnq3SLLrK3zXTfFMPbeeDsCm7d7Pav
r99hU9dWoxXfE52dKImdD/vrqhnu7uxfauXRCxHvt68/3f58bdXelwYGziDx7VaUV2D1D6I7kvR4
9BvCTtOO5KKcQI2HP//l5m/gns3f5ev31z+95qeP/v9QGweZj7i151gHsa8/3tz+8vHT+7dPBCdb
I1PsNKDViHLeA31Q0pzr3UiZX517569to36OvlScl82ql7pbHXkclS/9+cnxxumTOQ/Czstl3Swf
Svi6Mk+9Hoay3vQrK+5S6fulOf3oL7iZ4MZF3ZfmGXZHnatXQzlgeCjllwvjPAibe+KpI4QazPnB
2Yvr+Ym9aeqi3DBi9K67q1/Q8cXSS5dexrxs7SXrKKTxXTOoixPO2Y2hTC/tHktKQxc844FPgw9b
aHJZlf1w0RQFjYi6bsYaYInCaY/5Qm5LbU+M+oumNpRa8YDatmsG2wxc8NjsLh7dov7C92iEomWH
CuHCPBUNYfA85vaDZhWdkkzP7X3rtqHsXcqxGvYXhld7IgXzznq/oOEK3FVLcviLh6ar1GEM0KaO
phBMXry9+vH1z+9vadQZ56+j7vZuSzfUwU4TP/R71QLZQFxd/JP5H7Q0Ds2yF/faLbwv9cNSlVSn
S32R0tBj3jwuKcjclErUmxGeeaHrDT2foN5qv6M++AUjt2fSmHt0Z7xkdQblsRPLwgvYLcE3m7TB
RKcZEJ0BSnr8EAOTZE1zNFvWshqVVvjBnnkb0bppgHZNwYbnNHtR6AVr8KbriSTLUcJ+YXskVUeL
lQWDUcuiNDvAnkjhQ7Unwn/SDzM5tNmFgEV79tDU3w9MtK0WHSNt7iAsnSLticNhW/ZW7oetrtnY
bjqhQGB1V5MjW2Lru5qxF79sNTHGhobRATEDCXf0Cx10iDyDAva1YdUcGkJU/NKD0RfCtpSabUWt
KqPBHVG27jpZbc0MktGLfjsOqkEEuCP5Nbs7s2HGZNX0Wt2dGc5eV1XzwCi26BzapSR2Xwr27+Ry
NMf43tK9WoPf0ezw4sr4oVvD6FybQoTBYlAKUUNCcqqk+c5t59dHzL74BSUCPAJ6RUPHUApZ9ZNa
CX/YTot+7Ex8Myg918Q0lKP/OoqK1LYp7zH3XlQjsqHblPneK6Jud6T2nWBlCbVvNrpb47XZ+0/j
LodW4FWv+30tb0X/BYbv0N31KzPhZ2jLuPYkKU3bouBuRlgP0/sFM0HNXPAjHhbmMwMEoVxmdIOE
QGM79CHSTLHEb4x5IRO8rGseS3iYhhogkvHcemaOdOsYeleQr9Ic8skFK4fvob6hM8uUJsAzLvNk
MXsJGUbEjW/UYsRYOknXhtRTXxXGObqxrsmcigCqaY0RbAJZsbf63v1mu3KzRTB3ot8ujoPPOQ5p
pOvGdrCjVmGkmB14c3IZ4yIozSm0sgEh7pEVwfbXOSAfIZ9roGh41+rI0Q55bvY0wD9gvdvboPyj
6VMYJXpmxxEHOxRSsPFOb0S+H6BxdmNV7Rnllj3RNstvyWoPpdG88SgE7cPSEpqcrDcSFiVYBCKB
+9rQKjqtpy2tk8NaI4Up2zQwFJ14GK+gjVw7ZVhbM4+kwO4Ggu1x7z+8BFQ5fYt/yq7/O/5RT7WG
BQefM0uOXM8AH5QfgXsTQ7TrxBX3/NAxZkDgFxMVjr/++/8DDk1cGJYIMRhaxw6qRKTrR/SRBnwb
y7KNSEpW82z9KFEl9AeJLHB9vL1as9uf3t2w9+8+vLtlr6+v37+7umHXV58Y6tB/u/q0YJjEbj9i
1hX75aeP76/Y9aePb65ublZPIeBEH34UO3Vc665sTEImIO5JQLnVBpKNNmaw5dA9SgJlsMVMWQIK
tYVZQwr1IeQEQMObSN6/52zWyVD0UQKsaZrbzFC2RAC9ByC3Gcns8ZFyCOV5s2D1fDb5gqv7YbZW
SyoHrGaJXWtXu3aWAe6l2/4gauA5WftXX2fJSR44yTeiy+mLmGwqdzJtAOjr2jWhRuy4VcytAnbv
RD2a4uOYExRmI3zw1WLKCU+dcHJDm16LArSsvLtDCK7YR4v51uFRPTRjpWZeSiSRh5od+O8t4daw
D0Fjz3OyYrcfDVg8S5LGdSyFWbaia3ZTsrWr3YzlsWseW5ikcZZ85hvsKy514h03U8FIJuuwE7mh
c2Q17lpbXdkSjrkXS3ox2estTXILDO+GzUkCPCHNI9jFVxSMpI3Ehx3u4WR9P+reXj/o9WaqNgm0
aLcDV4vJkLZGcEXlynJDU/+unqjPkdux/tJPvL8RLY2Wu3GHHGtuK0y9ABmS2a7IcnHQK8WLU6WJ
mOc+hmK7dRyZDZdUBY9IuuFssbeNffXUp83lkHqibydPIWRpuYnHkpnKYSnR8ulZtrdgxdQqKB9J
e+DOFhiWCn2S1tRo0Bor4UE6LHP6tPJMO9PkQ7VLCqyoDXB0v03qW354V9d6IIOtXYpAabZtKlti
5mJAK0uVuGEZVRNcyCUZg22283FvbWpxd1qo2LTp7cWxlaZXBKvdfiDiC7bkRwY0xjMbL4eJGZcC
DGof6ljTolIJqazk1MuYQp8WY9CxtWI/oRaEL12Y4o69uf55gbXgIUd8PZQKbm9qBYueM/2lob9m
yVR2Hyry3mjnaO6KvVYAqq2oinO0krZNUBo+7LbCpozOZcjBjgLxkPaOiB23IlePhGpUYopqYUGT
tv6lrNFOQbTbzuSLxlTSP1/X11MdfugNqc2gRQ/IqERzbOt26Z6fND4fXED25W96NjVV7JOFe8qF
rppCRW895yjrhplvF71asWu3phLdxiwQrkl1bmJ2LDqxIelgLojVt5UpZqjz3IF5wgHRkQnfVCWd
pphWukOfpfuBfbj92XDaQyQSOx8HRq27sfJhO9t3rCYY2g3jklatDbcUAErn42Y99TL/wjj1MK6S
2yKKzXvmOtfe9trk5OZcipY5R+FEzOKWpfZm26C3JeecWhg9NakG3OhwjfXifgJROhyZzpDo3SHe
6XM9kECLYcIYcGrPCaeS2bRbbWfLlb5FhWbKl7qRVdkysxZ6/CD20CE5y665nzpYgn+HmQa3ltM7
u2V/QIvpkOj4NOHWHAdYB7AX9+xBipnrrD327lhCwusHiwtuzdKuWbMWBcV9WdE2FvNcPLtdCLRF
vZmL6pqWVU9zx2KadXK69NUTHNvlvd41I/l0YcHZuTip0h7LmWRE4Wx6dxiGfptsgsWfTG45WmwE
r7XtFXNtieW6II80R4AmHWwnDzBGNyeDJ1nKik8bzeIjMpl4yipkkQZmmUYC+BqX3tfZFB0owT8m
RwSz02L6O3MTGO+mTno5tvBI3R+hhaQEZDYyh6FHRzHv3prNzGWH3oQk6VN3ZGnUtYCuHXPSMXfy
MGU7s+ZEdNBbMp+9YBv0LP1BPYfTjVlDq+cqcsH6IErT1AA4UPFb27RNa4+7jc7sA8G+meMgIjAA
YarhZevCmtCVInXNpjrTnGza85y1y3h0/GR6LDtsE4azFxg5HAyog97I380lgydDc7idDrdblGZF
c2QRRNlyOwzt0Uy66be2rKza3a5dlY3huG7q/Y56BPouSsdtsj+wTo2Pe88O740IBrLEZtOh27Qn
S+4YynbbdBnyy1P5DH+I4I9vP66hD3fC73IBgcKDtoWoQOg8mB17w/hBADN29P1hhdQza966pjXO
M6XCoPa9cyZkvXr6pnBcT5nx5lh1KFFr8pOjY54F8LHdigWGoQZKWMNcsgB6C402GiYEAtWUEOzb
KbHYQyNxcmzkPi8dJZwR5Rlym0GxCSwcQWN5+37a45mlrazHph7QQ89Y7TISETV3QF3hQJYlwKQN
zXmYWzSdfa4OG7g3xztM2vx2znOwba1ro+LomMHRYOYrz+r4QGHrBg1iUEfgikyHGHQ+izpemSqr
LGZCKNUhiD2MJwSaumyLcdOnpENmE1UpelfCo+oSu7aanqgIAI/OVuvJaPYd/JaOe9bsV5O9kT8X
5vznz0TUVOeHNHn8kcCIQZVUVyrXYU/fakzr/LWMZRK6ydC9KSZNZwb7lODVpdtj9u2+hgf7k9HX
HcoKNnsddlyzH9+/vl37PySLKHvki+AxWPg/8B+Ulo3F2JdDp/EAcL1IPQvF9imMXtmyx57HHze2
NsIpt0DH7tzJlB7m4AhWk3v67DDKYewmUJ6q+W4+yTeIAzpIVdJ8KeknhS2nrwDwBVvfvfjRQI3Z
ysw/ITKaSsHd6j4aWZpia3U4Imta0wvqRwBf7xoh+YXq5X6+r1+iUt3bntnMI3nNxcrKphEbM1ZK
Qx/FSDdj9dniTD8OunZXkv929gYVwvF1amVvq8zPVZk/ms9d8wicou77k6FWnhLp/womdXByTdte
Yp2fc+mu184j9KWnVvRJ/Gis27dDYy7QYYQG3P2Jw4yxO2EFKZ6+mXtewLlPA3Sh29xySMy38Jvr
9yfTe3eLMbP/wsDe+plfF8PJXfONOnnanbzcItWdKAEVoKKvz8fapFhR+XQnmO605vYD2PGs3R4K
NLfa3S9Gd9m4T2f5DDWJxyMv9BL8/O4dwiqREv/PYh0nURGrxNeRLLzCj5MiTDWPE0n3L/yAfTfR
Lk+NVw8nKrx++/HkvWo+m1VPB62VT1ZuT813yJufTVl0fH3d3pTuy8eTBYeb2wEpiP45wuJsvmK0
Ga0+p/Wf5juuJ4rf7poTy9yUhEr/8eHE8r3hrT8eKjf2lr29yGL+fcTxZZt53pOAwCMx/WzOQ1c+
cae9MCun+xm/la29wxOtwrPff/8vtOZVrg==
===END CRASH DUMP===
